* using log directory ‘/Users/Tips/functions/myFunctions.Rcheck’
* using R version 3.1.1 (2014-07-10)
* using platform: x86_64-apple-darwin13.1.0 (64-bit)
* using session charset: UTF-8
* checking for file ‘myFunctions/DESCRIPTION’ ... OK
* checking extension type ... Package
* this is package ‘myFunctions’ version ‘1.0’
* checking package namespace information ... OK
* checking package dependencies ... OK
* checking if this is a source package ... WARNING
Subdirectory ‘myFunctions/src’ contains apparent object files/libraries
  RcppExports.o cbindARMA.o colSums.o convertIG.o dinvgammaArma.o
  dmvnormArma.o fastPhi.o logDet.o makeDistanceARMA.o makePCA.o
  mvrnormARMA.o myFunctions.so orderArma.o rMVNArma.o rbindARMA.o
  rowMeans.o rowSds.o rowSums.o svdARMA.o
Object files/libraries should not be included in a source package.
* checking if there is a namespace ... OK
* checking for executable files ... OK
* checking for hidden files and directories ... NOTE
Found the following hidden files and directories:
  .DS_Store
  man/.Rapp.history
  src/.DS_Store
  src/.Rapp.history
These were most likely included in error. See section ‘Package
structure’ in the ‘Writing R Extensions’ manual.
* checking for portable file names ... OK
* checking for sufficient/correct file permissions ... OK
* checking whether package ‘myFunctions’ can be installed ... OK
* checking installed package size ... OK
* checking package directory ... OK
* checking DESCRIPTION meta-information ... OK
* checking top-level files ... OK
* checking for left-over files ... OK
* checking index information ... OK
* checking package subdirectories ... OK
* checking R files for non-ASCII characters ... OK
* checking R files for syntax errors ... OK
* checking whether the package can be loaded ... OK
* checking whether the package can be loaded with stated dependencies ... OK
* checking whether the package can be unloaded cleanly ... OK
* checking whether the namespace can be loaded with stated dependencies ... OK
* checking whether the namespace can be unloaded cleanly ... OK
* checking loading without being on the library search path ... OK
* checking dependencies in R code ... OK
* checking S3 generic/method consistency ... OK
* checking replacement functions ... OK
* checking foreign function calls ... OK
* checking R code for possible problems ... OK
* checking Rd files ... OK
* checking Rd metadata ... WARNING
Rd files with duplicated name 'RcppArmadillo-Functions':
  ‘cbindARMA.Rd’ ‘colSums.Rd’ ‘convertIGAlpha.Rd’ ‘convertIGBeta.Rd’
  ‘dMVNorm.Rd’ ‘dcsvdARMA.Rd’ ‘dinvgammaArma.Rd’ ‘dinvgammaArmaVec.Rd’
  ‘dmvnormARMAVec.Rd’ ‘fastPhi.Rd’ ‘logDet.Rd’ ‘makeDistanceARMA.Rd’
  ‘makePCA.Rd’ ‘mvrnormARMA.Rd’ ‘mvrnormARMAVec.Rd’ ‘orderArma.Rd’
  ‘rMVNArma.Rd’ ‘rMVNArmaScalar.Rd’ ‘rbindARMA.Rd’ ‘rowMeans.Rd’
  ‘rowSds.Rd’ ‘rowSums.Rd’ ‘svdARMA.Rd’
* checking Rd cross-references ... WARNING
Unknown package ‘<pkg>’ in Rd xrefs
* checking for missing documentation entries ... OK
* checking for code/documentation mismatches ... OK
* checking Rd \usage sections ... OK
* checking Rd contents ... OK
* checking for unstated dependencies in examples ... OK
* checking line endings in C/C++/Fortran sources/headers ... OK
* checking line endings in Makefiles ... OK
* checking compilation flags in Makevars ... OK
* checking for portable use of $(BLAS_LIBS) and $(LAPACK_LIBS) ... OK
* checking compiled code ... OK
* checking examples ... OK
* checking PDF version of manual ... OK
WARNING: There were 3 warnings.
NOTE: There was 1 note.
