Hmm ... looks like a package

This is pdfTeX, Version 3.1415926-2.5-1.40.14 (TeX Live 2013)
 restricted \write18 enabled.
entering extended mode

(/private/var/folders/3g/gmff4qcd4zj5wr8t479my9z00000gn/T/RtmpKCY1bI/Rd2pdf259d
fe1120d/Rd2.tex
LaTeX2e <2011/06/27>
Babel <3.9f> and hyphenation patterns for 78 languages loaded.

(/usr/local/texlive/2013/texmf-dist/tex/latex/base/book.cls
Document Class: book 2007/10/19 v1.4h Standard LaTeX document class
(/usr/local/texlive/2013/texmf-dist/tex/latex/base/bk10.clo))
(/Library/Frameworks/R.framework/Resources/share/texmf/tex/latex/Rd.sty
(/usr/local/texlive/2013/texmf-dist/tex/latex/base/ifthen.sty)
(/usr/local/texlive/2013/texmf-dist/tex/latex/tools/longtable.sty)
(/usr/local/texlive/2013/texmf-dist/tex/latex/tools/bm.sty)
(/usr/local/texlive/2013/texmf-dist/tex/latex/base/alltt.sty)
(/usr/local/texlive/2013/texmf-dist/tex/latex/tools/verbatim.sty)
(/usr/local/texlive/2013/texmf-dist/tex/latex/url/url.sty)
(/usr/local/texlive/2013/texmf-dist/tex/latex/base/textcomp.sty
(/usr/local/texlive/2013/texmf-dist/tex/latex/base/ts1enc.def))
(/usr/local/texlive/2013/texmf-dist/tex/latex/base/fontenc.sty
(/usr/local/texlive/2013/texmf-dist/tex/latex/base/t1enc.def))
(/usr/local/texlive/2013/texmf-dist/tex/latex/psnfss/times.sty)
(/usr/local/texlive/2013/texmf-dist/tex/latex/inconsolata/inconsolata.sty
(/usr/local/texlive/2013/texmf-dist/tex/latex/graphics/keyval.sty))
(/usr/local/texlive/2013/texmf-dist/tex/latex/graphics/color.sty
(/usr/local/texlive/2013/texmf-dist/tex/latex/latexconfig/color.cfg)
(/usr/local/texlive/2013/texmf-dist/tex/latex/pdftex-def/pdftex.def
(/usr/local/texlive/2013/texmf-dist/tex/generic/oberdiek/infwarerr.sty)
(/usr/local/texlive/2013/texmf-dist/tex/generic/oberdiek/ltxcmds.sty)))
(/usr/local/texlive/2013/texmf-dist/tex/latex/hyperref/hyperref.sty
(/usr/local/texlive/2013/texmf-dist/tex/generic/oberdiek/hobsub-hyperref.sty
(/usr/local/texlive/2013/texmf-dist/tex/generic/oberdiek/hobsub-generic.sty))
(/usr/local/texlive/2013/texmf-dist/tex/generic/ifxetex/ifxetex.sty)
(/usr/local/texlive/2013/texmf-dist/tex/latex/oberdiek/auxhook.sty)
(/usr/local/texlive/2013/texmf-dist/tex/latex/oberdiek/kvoptions.sty)
(/usr/local/texlive/2013/texmf-dist/tex/latex/hyperref/pd1enc.def)
(/usr/local/texlive/2013/texmf-dist/tex/latex/latexconfig/hyperref.cfg))

Package hyperref Message: Driver (autodetected): hpdftex.

(/usr/local/texlive/2013/texmf-dist/tex/latex/hyperref/hpdftex.def
(/usr/local/texlive/2013/texmf-dist/tex/latex/oberdiek/rerunfilecheck.sty))

Package hyperref Warning: Option `hyperindex' has already been used,
(hyperref)                setting the option has no effect on input line 361.


Package hyperref Warning: Option `pagebackref' has already been used,
(hyperref)                setting the option has no effect on input line 361.

) (/usr/local/texlive/2013/texmf-dist/tex/latex/base/makeidx.sty)
(/usr/local/texlive/2013/texmf-dist/tex/latex/base/inputenc.sty
(/usr/local/texlive/2013/texmf-dist/tex/latex/base/utf8.def
(/usr/local/texlive/2013/texmf-dist/tex/latex/base/t1enc.dfu)
(/usr/local/texlive/2013/texmf-dist/tex/latex/base/ot1enc.dfu)
(/usr/local/texlive/2013/texmf-dist/tex/latex/base/omsenc.dfu)
(/usr/local/texlive/2013/texmf-dist/tex/latex/base/ts1enc.dfu))
(/usr/local/texlive/2013/texmf-dist/tex/latex/base/latin1.def))
Writing index file Rd2.idx
No file Rd2.aux.
(/usr/local/texlive/2013/texmf-dist/tex/latex/base/ts1cmr.fd)
(/usr/local/texlive/2013/texmf-dist/tex/latex/psnfss/t1ptm.fd)
(/usr/local/texlive/2013/texmf-dist/tex/context/base/supp-pdf.mkii
[Loading MPS to PDF converter (version 2006.09.02).]
) (/usr/local/texlive/2013/texmf-dist/tex/latex/hyperref/nameref.sty
(/usr/local/texlive/2013/texmf-dist/tex/generic/oberdiek/gettitlestring.sty))
(/usr/local/texlive/2013/texmf-dist/tex/latex/inconsolata/t1fi4.fd)
(/usr/local/texlive/2013/texmf-dist/tex/latex/psnfss/t1phv.fd)
(/usr/local/texlive/2013/texmf-dist/tex/latex/base/utf8.def) [1{/usr/local/texl
ive/2013/texmf-var/fonts/map/pdftex/updmap/pdftex.map}]
(/usr/local/texlive/2013/texmf-dist/tex/latex/base/utf8.def) [2]
(/usr/local/texlive/2013/texmf-dist/tex/latex/base/utf8.def)pdfTeX warning (ext
4): destination with the same identifier (name{Rfn.RcppArmadillo.Rdash.Function
s}) has been already used, duplicate ignored
<to be read again> 
                   \relax 
l.121 ...lumn sums}{RcppArmadillo.Rdash.Functions}
                                                  pdfTeX warning (ext4): destin
ation with the same identifier (name{Rfn.RcppArmadillo.Rdash.Functions.1}) has 
been already used, duplicate ignored
<to be read again> 
                   \relax 
l.121 ...lumn sums}{RcppArmadillo.Rdash.Functions}
                                                  
(/usr/local/texlive/2013/texmf-dist/tex/latex/base/utf8.def)pdfTeX warning (ext
4): destination with the same identifier (name{Rfn.RcppArmadillo.Rdash.Function
s}) has been already used, duplicate ignored
<to be read again> 
                   \relax 
l.167 ... function}{RcppArmadillo.Rdash.Functions}
                                                  pdfTeX warning (ext4): destin
ation with the same identifier (name{Rfn.RcppArmadillo.Rdash.Functions.1}) has 
been already used, duplicate ignored
<to be read again> 
                   \relax 
l.167 ... function}{RcppArmadillo.Rdash.Functions}
                                                   [3]
(/usr/local/texlive/2013/texmf-dist/tex/latex/base/utf8.def)pdfTeX warning (ext
4): destination with the same identifier (name{Rfn.RcppArmadillo.Rdash.Function
s}) has been already used, duplicate ignored
<to be read again> 
                   \relax 
l.221 ... function}{RcppArmadillo.Rdash.Functions}
                                                  pdfTeX warning (ext4): destin
ation with the same identifier (name{Rfn.RcppArmadillo.Rdash.Functions.1}) has 
been already used, duplicate ignored
<to be read again> 
                   \relax 
l.221 ... function}{RcppArmadillo.Rdash.Functions}
                                                   [4]
(/usr/local/texlive/2013/texmf-dist/tex/latex/base/utf8.def)pdfTeX warning (ext
4): destination with the same identifier (name{Rfn.RcppArmadillo.Rdash.Function
s}) has been already used, duplicate ignored
<to be read again> 
                   \relax 
l.275 ...rmArmaVec}{RcppArmadillo.Rdash.Functions}
                                                  pdfTeX warning (ext4): destin
ation with the same identifier (name{Rfn.RcppArmadillo.Rdash.Functions.1}) has 
been already used, duplicate ignored
<to be read again> 
                   \relax 
l.275 ...rmArmaVec}{RcppArmadillo.Rdash.Functions}
                                                   [5]
(/usr/local/texlive/2013/texmf-dist/tex/latex/base/utf8.def) [6]pdfTeX warning 
(ext4): destination with the same identifier (name{Rfn.RcppArmadillo.Rdash.Func
tions}) has been already used, duplicate ignored
<to be read again> 
                   \relax 
l.332 ...on of svd}{RcppArmadillo.Rdash.Functions}
                                                  pdfTeX warning (ext4): destin
ation with the same identifier (name{Rfn.RcppArmadillo.Rdash.Functions.1}) has 
been already used, duplicate ignored
<to be read again> 
                   \relax 
l.332 ...on of svd}{RcppArmadillo.Rdash.Functions}
                                                   [7]
(/usr/local/texlive/2013/texmf-dist/tex/latex/base/utf8.def)pdfTeX warning (ext
4): destination with the same identifier (name{Rfn.RcppArmadillo.Rdash.Function
s}) has been already used, duplicate ignored
<to be read again> 
                   \relax 
l.407 ...tribution}{RcppArmadillo.Rdash.Functions}
                                                  pdfTeX warning (ext4): destin
ation with the same identifier (name{Rfn.RcppArmadillo.Rdash.Functions.1}) has 
been already used, duplicate ignored
<to be read again> 
                   \relax 
l.407 ...tribution}{RcppArmadillo.Rdash.Functions}
                                                   [8]
(/usr/local/texlive/2013/texmf-dist/tex/latex/base/utf8.def)pdfTeX warning (ext
4): destination with the same identifier (name{Rfn.RcppArmadillo.Rdash.Function
s}) has been already used, duplicate ignored
<to be read again> 
                   \relax 
l.464 ...tribution}{RcppArmadillo.Rdash.Functions}
                                                  pdfTeX warning (ext4): destin
ation with the same identifier (name{Rfn.RcppArmadillo.Rdash.Functions.1}) has 
been already used, duplicate ignored
<to be read again> 
                   \relax 
l.464 ...tribution}{RcppArmadillo.Rdash.Functions}
                                                   [9]
(/usr/local/texlive/2013/texmf-dist/tex/latex/base/utf8.def)pdfTeX warning (ext
4): destination with the same identifier (name{Rfn.RcppArmadillo.Rdash.Function
s}) has been already used, duplicate ignored
<to be read again> 
                   \relax 
l.521 ...ArmaVec??}{RcppArmadillo.Rdash.Functions}
                                                  pdfTeX warning (ext4): destin
ation with the same identifier (name{Rfn.RcppArmadillo.Rdash.Functions.1}) has 
been already used, duplicate ignored
<to be read again> 
                   \relax 
l.521 ...ArmaVec??}{RcppArmadillo.Rdash.Functions}
                                                   [10]
(/usr/local/texlive/2013/texmf-dist/tex/latex/base/utf8.def)pdfTeX warning (ext
4): destination with the same identifier (name{Rfn.RcppArmadillo.Rdash.Function
s}) has been already used, duplicate ignored
<to be read again> 
                   \relax 
l.578 ...ormal CDF}{RcppArmadillo.Rdash.Functions}
                                                  pdfTeX warning (ext4): destin
ation with the same identifier (name{Rfn.RcppArmadillo.Rdash.Functions.1}) has 
been already used, duplicate ignored
<to be read again> 
                   \relax 
l.578 ...ormal CDF}{RcppArmadillo.Rdash.Functions}
                                                   [11]
(/usr/local/texlive/2013/texmf-dist/tex/latex/base/utf8.def)pdfTeX warning (ext
4): destination with the same identifier (name{Rfn.RcppArmadillo.Rdash.Function
s}) has been already used, duplicate ignored
<to be read again> 
                   \relax 
l.625 ...ce matrix}{RcppArmadillo.Rdash.Functions}
                                                  pdfTeX warning (ext4): destin
ation with the same identifier (name{Rfn.RcppArmadillo.Rdash.Functions.1}) has 
been already used, duplicate ignored
<to be read again> 
                   \relax 
l.625 ...ce matrix}{RcppArmadillo.Rdash.Functions}
                                                   [12]
(/usr/local/texlive/2013/texmf-dist/tex/latex/base/utf8.def)pdfTeX warning (ext
4): destination with the same identifier (name{Rfn.RcppArmadillo.Rdash.Function
s}) has been already used, duplicate ignored
<to be read again> 
                   \relax 
l.670 ...ordinates}{RcppArmadillo.Rdash.Functions}
                                                  pdfTeX warning (ext4): destin
ation with the same identifier (name{Rfn.RcppArmadillo.Rdash.Functions.1}) has 
been already used, duplicate ignored
<to be read again> 
                   \relax 
l.670 ...ordinates}{RcppArmadillo.Rdash.Functions}
                                                  
(/usr/local/texlive/2013/texmf-dist/tex/latex/base/utf8.def)pdfTeX warning (ext
4): destination with the same identifier (name{Rfn.RcppArmadillo.Rdash.Function
s}) has been already used, duplicate ignored
<to be read again> 
                   \relax 
l.720 ... princomp}{RcppArmadillo.Rdash.Functions}
                                                  pdfTeX warning (ext4): destin
ation with the same identifier (name{Rfn.RcppArmadillo.Rdash.Functions.1}) has 
been already used, duplicate ignored
<to be read again> 
                   \relax 
l.720 ... princomp}{RcppArmadillo.Rdash.Functions}
                                                   [13]
(/usr/local/texlive/2013/texmf-dist/tex/latex/base/utf8.def)pdfTeX warning (ext
4): destination with the same identifier (name{Rfn.RcppArmadillo.Rdash.Function
s}) has been already used, duplicate ignored
<to be read again> 
                   \relax 
l.779 ...f mvrnorm}{RcppArmadillo.Rdash.Functions}
                                                  pdfTeX warning (ext4): destin
ation with the same identifier (name{Rfn.RcppArmadillo.Rdash.Functions.1}) has 
been already used, duplicate ignored
<to be read again> 
                   \relax 
l.779 ...f mvrnorm}{RcppArmadillo.Rdash.Functions}
                                                   [14] [15]
(/usr/local/texlive/2013/texmf-dist/tex/latex/base/utf8.def)pdfTeX warning (ext
4): destination with the same identifier (name{Rfn.RcppArmadillo.Rdash.Function
s}) has been already used, duplicate ignored
<to be read again> 
                   \relax 
l.838 ...f mvrnorm}{RcppArmadillo.Rdash.Functions}
                                                  pdfTeX warning (ext4): destin
ation with the same identifier (name{Rfn.RcppArmadillo.Rdash.Functions.1}) has 
been already used, duplicate ignored
<to be read again> 
                   \relax 
l.838 ...f mvrnorm}{RcppArmadillo.Rdash.Functions}
                                                   [16]
(/usr/local/texlive/2013/texmf-dist/tex/latex/base/utf8.def)pdfTeX warning (ext
4): destination with the same identifier (name{Rfn.RcppArmadillo.Rdash.Function
s}) has been already used, duplicate ignored
<to be read again> 
                   \relax 
l.897 ... of order}{RcppArmadillo.Rdash.Functions}
                                                  pdfTeX warning (ext4): destin
ation with the same identifier (name{Rfn.RcppArmadillo.Rdash.Functions.1}) has 
been already used, duplicate ignored
<to be read again> 
                   \relax 
l.897 ... of order}{RcppArmadillo.Rdash.Functions}
                                                  
(/usr/local/texlive/2013/texmf-dist/tex/latex/base/utf8.def)pdfTeX warning (ext
4): destination with the same identifier (name{Rfn.RcppArmadillo.Rdash.Function
s}) has been already used, duplicate ignored
<to be read again> 
                   \relax 
l.944 ... of order}{RcppArmadillo.Rdash.Functions}
                                                  pdfTeX warning (ext4): destin
ation with the same identifier (name{Rfn.RcppArmadillo.Rdash.Functions.1}) has 
been already used, duplicate ignored
<to be read again> 
                   \relax 
l.944 ... of order}{RcppArmadillo.Rdash.Functions}
                                                   [17] [18]
(/usr/local/texlive/2013/texmf-dist/tex/latex/base/utf8.def)pdfTeX warning (ext
4): destination with the same identifier (name{Rfn.RcppArmadillo.Rdash.Function
s}) has been already used, duplicate ignored
<to be read again> 
                   \relax 
l.1003 ...of order}{RcppArmadillo.Rdash.Functions}
                                                  pdfTeX warning (ext4): destin
ation with the same identifier (name{Rfn.RcppArmadillo.Rdash.Functions.1}) has 
been already used, duplicate ignored
<to be read again> 
                   \relax 
l.1003 ...of order}{RcppArmadillo.Rdash.Functions}
                                                   [19]
(/usr/local/texlive/2013/texmf-dist/tex/latex/base/utf8.def)pdfTeX warning (ext
4): destination with the same identifier (name{Rfn.RcppArmadillo.Rdash.Function
s}) has been already used, duplicate ignored
<to be read again> 
                   \relax 
l.1062 ...a matrix}{RcppArmadillo.Rdash.Functions}
                                                  pdfTeX warning (ext4): destin
ation with the same identifier (name{Rfn.RcppArmadillo.Rdash.Functions.1}) has 
been already used, duplicate ignored
<to be read again> 
                   \relax 
l.1062 ...a matrix}{RcppArmadillo.Rdash.Functions}
                                                   [20]
(/usr/local/texlive/2013/texmf-dist/tex/latex/base/utf8.def)pdfTeX warning (ext
4): destination with the same identifier (name{Rfn.RcppArmadillo.Rdash.Function
s}) has been already used, duplicate ignored
<to be read again> 
                   \relax 
l.1114 ...ow means}{RcppArmadillo.Rdash.Functions}
                                                  pdfTeX warning (ext4): destin
ation with the same identifier (name{Rfn.RcppArmadillo.Rdash.Functions.1}) has 
been already used, duplicate ignored
<to be read again> 
                   \relax 
l.1114 ...ow means}{RcppArmadillo.Rdash.Functions}
                                                  
(/usr/local/texlive/2013/texmf-dist/tex/latex/base/utf8.def)pdfTeX warning (ext
4): destination with the same identifier (name{Rfn.RcppArmadillo.Rdash.Function
s}) has been already used, duplicate ignored
<to be read again> 
                   \relax 
l.1160 ...viations}{RcppArmadillo.Rdash.Functions}
                                                  pdfTeX warning (ext4): destin
ation with the same identifier (name{Rfn.RcppArmadillo.Rdash.Functions.1}) has 
been already used, duplicate ignored
<to be read again> 
                   \relax 
l.1160 ...viations}{RcppArmadillo.Rdash.Functions}
                                                   [21]
(/usr/local/texlive/2013/texmf-dist/tex/latex/base/utf8.def)pdfTeX warning (ext
4): destination with the same identifier (name{Rfn.RcppArmadillo.Rdash.Function
s}) has been already used, duplicate ignored
<to be read again> 
                   \relax 
l.1206 ...row sums}{RcppArmadillo.Rdash.Functions}
                                                  pdfTeX warning (ext4): destin
ation with the same identifier (name{Rfn.RcppArmadillo.Rdash.Functions.1}) has 
been already used, duplicate ignored
<to be read again> 
                   \relax 
l.1206 ...row sums}{RcppArmadillo.Rdash.Functions}
                                                   [22]
(/usr/local/texlive/2013/texmf-dist/tex/latex/base/utf8.def)pdfTeX warning (ext
4): destination with the same identifier (name{Rfn.RcppArmadillo.Rdash.Function
s}) has been already used, duplicate ignored
<to be read again> 
                   \relax 
l.1253 ...n of svd}{RcppArmadillo.Rdash.Functions}
                                                  pdfTeX warning (ext4): destin
ation with the same identifier (name{Rfn.RcppArmadillo.Rdash.Functions.1}) has 
been already used, duplicate ignored
<to be read again> 
                   \relax 
l.1253 ...n of svd}{RcppArmadillo.Rdash.Functions}
                                                   [23] [24]
No file Rd2.ind.
[25] (./Rd2.aux)

Package rerunfilecheck Warning: File `Rd2.out' has changed.
(rerunfilecheck)                Rerun to get outlines right
(rerunfilecheck)                or use package `bookmark'.

 )
(see the transcript file for additional information)pdfTeX warning (dest): name
{Rfn.<pkg>} has been referenced but does not exist, replaced by a fixed one

{/usr/local/texlive/2013/texmf-dist/fonts/enc/dvips/base/8r.enc}{/usr/local/tex
live/2013/texmf-dist/fonts/enc/dvips/inconsolata/fi4-ec.enc}</usr/local/texlive
/2013/texmf-dist/fonts/type1/public/inconsolata/Inconsolata.pfb></usr/local/tex
live/2013/texmf-dist/fonts/type1/public/amsfonts/cm/cmmi10.pfb></usr/local/texl
ive/2013/texmf-dist/fonts/type1/public/amsfonts/cm/cmmi7.pfb></usr/local/texliv
e/2013/texmf-dist/fonts/type1/public/amsfonts/cm/cmr10.pfb></usr/local/texlive/
2013/texmf-dist/fonts/type1/public/amsfonts/cm/cmr7.pfb></usr/local/texlive/201
3/texmf-dist/fonts/type1/public/amsfonts/cm/cmsy10.pfb></usr/local/texlive/2013
/texmf-dist/fonts/type1/urw/helvetic/uhvr8a.pfb></usr/local/texlive/2013/texmf-
dist/fonts/type1/urw/times/utmb8a.pfb></usr/local/texlive/2013/texmf-dist/fonts
/type1/urw/times/utmr8a.pfb></usr/local/texlive/2013/texmf-dist/fonts/type1/urw
/times/utmr8a.pfb></usr/local/texlive/2013/texmf-dist/fonts/type1/urw/times/utm
ri8a.pfb>
Output written on Rd2.pdf (25 pages, 138504 bytes).
Transcript written on Rd2.log.
This is makeindex, version 2.15 [TeX Live 2013] (kpathsea + Thai support).
Scanning input file ./Rd2.idx....done (50 entries accepted, 0 rejected).
Sorting entries....done (282 comparisons).
Generating output file ./Rd2.ind....done (81 lines written, 0 warnings).
Output written in ./Rd2.ind.
Transcript written in ./Rd2.ilg.
This is pdfTeX, Version 3.1415926-2.5-1.40.14 (TeX Live 2013)
 restricted \write18 enabled.
entering extended mode

(/private/var/folders/3g/gmff4qcd4zj5wr8t479my9z00000gn/T/RtmpKCY1bI/Rd2pdf259d
fe1120d/Rd2.tex
LaTeX2e <2011/06/27>
Babel <3.9f> and hyphenation patterns for 78 languages loaded.

(/usr/local/texlive/2013/texmf-dist/tex/latex/base/book.cls
Document Class: book 2007/10/19 v1.4h Standard LaTeX document class
(/usr/local/texlive/2013/texmf-dist/tex/latex/base/bk10.clo))
(/Library/Frameworks/R.framework/Resources/share/texmf/tex/latex/Rd.sty
(/usr/local/texlive/2013/texmf-dist/tex/latex/base/ifthen.sty)
(/usr/local/texlive/2013/texmf-dist/tex/latex/tools/longtable.sty)
(/usr/local/texlive/2013/texmf-dist/tex/latex/tools/bm.sty)
(/usr/local/texlive/2013/texmf-dist/tex/latex/base/alltt.sty)
(/usr/local/texlive/2013/texmf-dist/tex/latex/tools/verbatim.sty)
(/usr/local/texlive/2013/texmf-dist/tex/latex/url/url.sty)
(/usr/local/texlive/2013/texmf-dist/tex/latex/base/textcomp.sty
(/usr/local/texlive/2013/texmf-dist/tex/latex/base/ts1enc.def))
(/usr/local/texlive/2013/texmf-dist/tex/latex/base/fontenc.sty
(/usr/local/texlive/2013/texmf-dist/tex/latex/base/t1enc.def))
(/usr/local/texlive/2013/texmf-dist/tex/latex/psnfss/times.sty)
(/usr/local/texlive/2013/texmf-dist/tex/latex/inconsolata/inconsolata.sty
(/usr/local/texlive/2013/texmf-dist/tex/latex/graphics/keyval.sty))
(/usr/local/texlive/2013/texmf-dist/tex/latex/graphics/color.sty
(/usr/local/texlive/2013/texmf-dist/tex/latex/latexconfig/color.cfg)
(/usr/local/texlive/2013/texmf-dist/tex/latex/pdftex-def/pdftex.def
(/usr/local/texlive/2013/texmf-dist/tex/generic/oberdiek/infwarerr.sty)
(/usr/local/texlive/2013/texmf-dist/tex/generic/oberdiek/ltxcmds.sty)))
(/usr/local/texlive/2013/texmf-dist/tex/latex/hyperref/hyperref.sty
(/usr/local/texlive/2013/texmf-dist/tex/generic/oberdiek/hobsub-hyperref.sty
(/usr/local/texlive/2013/texmf-dist/tex/generic/oberdiek/hobsub-generic.sty))
(/usr/local/texlive/2013/texmf-dist/tex/generic/ifxetex/ifxetex.sty)
(/usr/local/texlive/2013/texmf-dist/tex/latex/oberdiek/auxhook.sty)
(/usr/local/texlive/2013/texmf-dist/tex/latex/oberdiek/kvoptions.sty)
(/usr/local/texlive/2013/texmf-dist/tex/latex/hyperref/pd1enc.def)
(/usr/local/texlive/2013/texmf-dist/tex/latex/latexconfig/hyperref.cfg))

Package hyperref Message: Driver (autodetected): hpdftex.

(/usr/local/texlive/2013/texmf-dist/tex/latex/hyperref/hpdftex.def
(/usr/local/texlive/2013/texmf-dist/tex/latex/oberdiek/rerunfilecheck.sty))

Package hyperref Warning: Option `hyperindex' has already been used,
(hyperref)                setting the option has no effect on input line 361.


Package hyperref Warning: Option `pagebackref' has already been used,
(hyperref)                setting the option has no effect on input line 361.

) (/usr/local/texlive/2013/texmf-dist/tex/latex/base/makeidx.sty)
(/usr/local/texlive/2013/texmf-dist/tex/latex/base/inputenc.sty
(/usr/local/texlive/2013/texmf-dist/tex/latex/base/utf8.def
(/usr/local/texlive/2013/texmf-dist/tex/latex/base/t1enc.dfu)
(/usr/local/texlive/2013/texmf-dist/tex/latex/base/ot1enc.dfu)
(/usr/local/texlive/2013/texmf-dist/tex/latex/base/omsenc.dfu)
(/usr/local/texlive/2013/texmf-dist/tex/latex/base/ts1enc.dfu))
(/usr/local/texlive/2013/texmf-dist/tex/latex/base/latin1.def))
Writing index file Rd2.idx
(./Rd2.aux) (/usr/local/texlive/2013/texmf-dist/tex/latex/base/ts1cmr.fd)
(/usr/local/texlive/2013/texmf-dist/tex/latex/psnfss/t1ptm.fd)
(/usr/local/texlive/2013/texmf-dist/tex/context/base/supp-pdf.mkii
[Loading MPS to PDF converter (version 2006.09.02).]
) (/usr/local/texlive/2013/texmf-dist/tex/latex/hyperref/nameref.sty
(/usr/local/texlive/2013/texmf-dist/tex/generic/oberdiek/gettitlestring.sty))
(./Rd2.out) (./Rd2.out)
(/usr/local/texlive/2013/texmf-dist/tex/latex/inconsolata/t1fi4.fd)
(/usr/local/texlive/2013/texmf-dist/tex/latex/psnfss/t1phv.fd) (./Rd2.toc
[1{/usr/local/texlive/2013/texmf-var/fonts/map/pdftex/updmap/pdftex.map}])
(/usr/local/texlive/2013/texmf-dist/tex/latex/base/utf8.def)
(/usr/local/texlive/2013/texmf-dist/tex/latex/base/utf8.def) [2]
(/usr/local/texlive/2013/texmf-dist/tex/latex/base/utf8.def)pdfTeX warning (ext
4): destination with the same identifier (name{Rfn.RcppArmadillo.Rdash.Function
s}) has been already used, duplicate ignored
<to be read again> 
                   \relax 
l.121 ...lumn sums}{RcppArmadillo.Rdash.Functions}
                                                  pdfTeX warning (ext4): destin
ation with the same identifier (name{Rfn.RcppArmadillo.Rdash.Functions.1}) has 
been already used, duplicate ignored
<to be read again> 
                   \relax 
l.121 ...lumn sums}{RcppArmadillo.Rdash.Functions}
                                                   [3]
(/usr/local/texlive/2013/texmf-dist/tex/latex/base/utf8.def)pdfTeX warning (ext
4): destination with the same identifier (name{Rfn.RcppArmadillo.Rdash.Function
s}) has been already used, duplicate ignored
<to be read again> 
                   \relax 
l.167 ... function}{RcppArmadillo.Rdash.Functions}
                                                  pdfTeX warning (ext4): destin
ation with the same identifier (name{Rfn.RcppArmadillo.Rdash.Functions.1}) has 
been already used, duplicate ignored
<to be read again> 
                   \relax 
l.167 ... function}{RcppArmadillo.Rdash.Functions}
                                                   [4]
(/usr/local/texlive/2013/texmf-dist/tex/latex/base/utf8.def)pdfTeX warning (ext
4): destination with the same identifier (name{Rfn.RcppArmadillo.Rdash.Function
s}) has been already used, duplicate ignored
<to be read again> 
                   \relax 
l.221 ... function}{RcppArmadillo.Rdash.Functions}
                                                  pdfTeX warning (ext4): destin
ation with the same identifier (name{Rfn.RcppArmadillo.Rdash.Functions.1}) has 
been already used, duplicate ignored
<to be read again> 
                   \relax 
l.221 ... function}{RcppArmadillo.Rdash.Functions}
                                                   [5]
(/usr/local/texlive/2013/texmf-dist/tex/latex/base/utf8.def)pdfTeX warning (ext
4): destination with the same identifier (name{Rfn.RcppArmadillo.Rdash.Function
s}) has been already used, duplicate ignored
<to be read again> 
                   \relax 
l.275 ...rmArmaVec}{RcppArmadillo.Rdash.Functions}
                                                  pdfTeX warning (ext4): destin
ation with the same identifier (name{Rfn.RcppArmadillo.Rdash.Functions.1}) has 
been already used, duplicate ignored
<to be read again> 
                   \relax 
l.275 ...rmArmaVec}{RcppArmadillo.Rdash.Functions}
                                                   [6]
(/usr/local/texlive/2013/texmf-dist/tex/latex/base/utf8.def)pdfTeX warning (ext
4): destination with the same identifier (name{Rfn.RcppArmadillo.Rdash.Function
s}) has been already used, duplicate ignored
<to be read again> 
                   \relax 
l.332 ...on of svd}{RcppArmadillo.Rdash.Functions}
                                                  pdfTeX warning (ext4): destin
ation with the same identifier (name{Rfn.RcppArmadillo.Rdash.Functions.1}) has 
been already used, duplicate ignored
<to be read again> 
                   \relax 
l.332 ...on of svd}{RcppArmadillo.Rdash.Functions}
                                                   [7]
(/usr/local/texlive/2013/texmf-dist/tex/latex/base/utf8.def)pdfTeX warning (ext
4): destination with the same identifier (name{Rfn.RcppArmadillo.Rdash.Function
s}) has been already used, duplicate ignored
<to be read again> 
                   \relax 
l.407 ...tribution}{RcppArmadillo.Rdash.Functions}
                                                  pdfTeX warning (ext4): destin
ation with the same identifier (name{Rfn.RcppArmadillo.Rdash.Functions.1}) has 
been already used, duplicate ignored
<to be read again> 
                   \relax 
l.407 ...tribution}{RcppArmadillo.Rdash.Functions}
                                                   [8]
(/usr/local/texlive/2013/texmf-dist/tex/latex/base/utf8.def)pdfTeX warning (ext
4): destination with the same identifier (name{Rfn.RcppArmadillo.Rdash.Function
s}) has been already used, duplicate ignored
<to be read again> 
                   \relax 
l.464 ...tribution}{RcppArmadillo.Rdash.Functions}
                                                  pdfTeX warning (ext4): destin
ation with the same identifier (name{Rfn.RcppArmadillo.Rdash.Functions.1}) has 
been already used, duplicate ignored
<to be read again> 
                   \relax 
l.464 ...tribution}{RcppArmadillo.Rdash.Functions}
                                                   [9]
(/usr/local/texlive/2013/texmf-dist/tex/latex/base/utf8.def)pdfTeX warning (ext
4): destination with the same identifier (name{Rfn.RcppArmadillo.Rdash.Function
s}) has been already used, duplicate ignored
<to be read again> 
                   \relax 
l.521 ...ArmaVec??}{RcppArmadillo.Rdash.Functions}
                                                  pdfTeX warning (ext4): destin
ation with the same identifier (name{Rfn.RcppArmadillo.Rdash.Functions.1}) has 
been already used, duplicate ignored
<to be read again> 
                   \relax 
l.521 ...ArmaVec??}{RcppArmadillo.Rdash.Functions}
                                                   [10]
(/usr/local/texlive/2013/texmf-dist/tex/latex/base/utf8.def) [11]pdfTeX warning
 (ext4): destination with the same identifier (name{Rfn.RcppArmadillo.Rdash.Fun
ctions}) has been already used, duplicate ignored
<to be read again> 
                   \relax 
l.578 ...ormal CDF}{RcppArmadillo.Rdash.Functions}
                                                  pdfTeX warning (ext4): destin
ation with the same identifier (name{Rfn.RcppArmadillo.Rdash.Functions.1}) has 
been already used, duplicate ignored
<to be read again> 
                   \relax 
l.578 ...ormal CDF}{RcppArmadillo.Rdash.Functions}
                                                  
(/usr/local/texlive/2013/texmf-dist/tex/latex/base/utf8.def)pdfTeX warning (ext
4): destination with the same identifier (name{Rfn.RcppArmadillo.Rdash.Function
s}) has been already used, duplicate ignored
<to be read again> 
                   \relax 
l.625 ...ce matrix}{RcppArmadillo.Rdash.Functions}
                                                  pdfTeX warning (ext4): destin
ation with the same identifier (name{Rfn.RcppArmadillo.Rdash.Functions.1}) has 
been already used, duplicate ignored
<to be read again> 
                   \relax 
l.625 ...ce matrix}{RcppArmadillo.Rdash.Functions}
                                                   [12]
(/usr/local/texlive/2013/texmf-dist/tex/latex/base/utf8.def)pdfTeX warning (ext
4): destination with the same identifier (name{Rfn.RcppArmadillo.Rdash.Function
s}) has been already used, duplicate ignored
<to be read again> 
                   \relax 
l.670 ...ordinates}{RcppArmadillo.Rdash.Functions}
                                                  pdfTeX warning (ext4): destin
ation with the same identifier (name{Rfn.RcppArmadillo.Rdash.Functions.1}) has 
been already used, duplicate ignored
<to be read again> 
                   \relax 
l.670 ...ordinates}{RcppArmadillo.Rdash.Functions}
                                                   [13]
(/usr/local/texlive/2013/texmf-dist/tex/latex/base/utf8.def)pdfTeX warning (ext
4): destination with the same identifier (name{Rfn.RcppArmadillo.Rdash.Function
s}) has been already used, duplicate ignored
<to be read again> 
                   \relax 
l.720 ... princomp}{RcppArmadillo.Rdash.Functions}
                                                  pdfTeX warning (ext4): destin
ation with the same identifier (name{Rfn.RcppArmadillo.Rdash.Functions.1}) has 
been already used, duplicate ignored
<to be read again> 
                   \relax 
l.720 ... princomp}{RcppArmadillo.Rdash.Functions}
                                                   [14]
(/usr/local/texlive/2013/texmf-dist/tex/latex/base/utf8.def)pdfTeX warning (ext
4): destination with the same identifier (name{Rfn.RcppArmadillo.Rdash.Function
s}) has been already used, duplicate ignored
<to be read again> 
                   \relax 
l.779 ...f mvrnorm}{RcppArmadillo.Rdash.Functions}
                                                  pdfTeX warning (ext4): destin
ation with the same identifier (name{Rfn.RcppArmadillo.Rdash.Functions.1}) has 
been already used, duplicate ignored
<to be read again> 
                   \relax 
l.779 ...f mvrnorm}{RcppArmadillo.Rdash.Functions}
                                                   [15] [16]
(/usr/local/texlive/2013/texmf-dist/tex/latex/base/utf8.def)pdfTeX warning (ext
4): destination with the same identifier (name{Rfn.RcppArmadillo.Rdash.Function
s}) has been already used, duplicate ignored
<to be read again> 
                   \relax 
l.838 ...f mvrnorm}{RcppArmadillo.Rdash.Functions}
                                                  pdfTeX warning (ext4): destin
ation with the same identifier (name{Rfn.RcppArmadillo.Rdash.Functions.1}) has 
been already used, duplicate ignored
<to be read again> 
                   \relax 
l.838 ...f mvrnorm}{RcppArmadillo.Rdash.Functions}
                                                   [17]
(/usr/local/texlive/2013/texmf-dist/tex/latex/base/utf8.def)pdfTeX warning (ext
4): destination with the same identifier (name{Rfn.RcppArmadillo.Rdash.Function
s}) has been already used, duplicate ignored
<to be read again> 
                   \relax 
l.897 ... of order}{RcppArmadillo.Rdash.Functions}
                                                  pdfTeX warning (ext4): destin
ation with the same identifier (name{Rfn.RcppArmadillo.Rdash.Functions.1}) has 
been already used, duplicate ignored
<to be read again> 
                   \relax 
l.897 ... of order}{RcppArmadillo.Rdash.Functions}
                                                  
(/usr/local/texlive/2013/texmf-dist/tex/latex/base/utf8.def)pdfTeX warning (ext
4): destination with the same identifier (name{Rfn.RcppArmadillo.Rdash.Function
s}) has been already used, duplicate ignored
<to be read again> 
                   \relax 
l.944 ... of order}{RcppArmadillo.Rdash.Functions}
                                                  pdfTeX warning (ext4): destin
ation with the same identifier (name{Rfn.RcppArmadillo.Rdash.Functions.1}) has 
been already used, duplicate ignored
<to be read again> 
                   \relax 
l.944 ... of order}{RcppArmadillo.Rdash.Functions}
                                                   [18] [19]
(/usr/local/texlive/2013/texmf-dist/tex/latex/base/utf8.def)pdfTeX warning (ext
4): destination with the same identifier (name{Rfn.RcppArmadillo.Rdash.Function
s}) has been already used, duplicate ignored
<to be read again> 
                   \relax 
l.1003 ...of order}{RcppArmadillo.Rdash.Functions}
                                                  pdfTeX warning (ext4): destin
ation with the same identifier (name{Rfn.RcppArmadillo.Rdash.Functions.1}) has 
been already used, duplicate ignored
<to be read again> 
                   \relax 
l.1003 ...of order}{RcppArmadillo.Rdash.Functions}
                                                   [20]
(/usr/local/texlive/2013/texmf-dist/tex/latex/base/utf8.def)pdfTeX warning (ext
4): destination with the same identifier (name{Rfn.RcppArmadillo.Rdash.Function
s}) has been already used, duplicate ignored
<to be read again> 
                   \relax 
l.1062 ...a matrix}{RcppArmadillo.Rdash.Functions}
                                                  pdfTeX warning (ext4): destin
ation with the same identifier (name{Rfn.RcppArmadillo.Rdash.Functions.1}) has 
been already used, duplicate ignored
<to be read again> 
                   \relax 
l.1062 ...a matrix}{RcppArmadillo.Rdash.Functions}
                                                   [21]
(/usr/local/texlive/2013/texmf-dist/tex/latex/base/utf8.def)pdfTeX warning (ext
4): destination with the same identifier (name{Rfn.RcppArmadillo.Rdash.Function
s}) has been already used, duplicate ignored
<to be read again> 
                   \relax 
l.1114 ...ow means}{RcppArmadillo.Rdash.Functions}
                                                  pdfTeX warning (ext4): destin
ation with the same identifier (name{Rfn.RcppArmadillo.Rdash.Functions.1}) has 
been already used, duplicate ignored
<to be read again> 
                   \relax 
l.1114 ...ow means}{RcppArmadillo.Rdash.Functions}
                                                  
(/usr/local/texlive/2013/texmf-dist/tex/latex/base/utf8.def)pdfTeX warning (ext
4): destination with the same identifier (name{Rfn.RcppArmadillo.Rdash.Function
s}) has been already used, duplicate ignored
<to be read again> 
                   \relax 
l.1160 ...viations}{RcppArmadillo.Rdash.Functions}
                                                  pdfTeX warning (ext4): destin
ation with the same identifier (name{Rfn.RcppArmadillo.Rdash.Functions.1}) has 
been already used, duplicate ignored
<to be read again> 
                   \relax 
l.1160 ...viations}{RcppArmadillo.Rdash.Functions}
                                                   [22]
(/usr/local/texlive/2013/texmf-dist/tex/latex/base/utf8.def)pdfTeX warning (ext
4): destination with the same identifier (name{Rfn.RcppArmadillo.Rdash.Function
s}) has been already used, duplicate ignored
<to be read again> 
                   \relax 
l.1206 ...row sums}{RcppArmadillo.Rdash.Functions}
                                                  pdfTeX warning (ext4): destin
ation with the same identifier (name{Rfn.RcppArmadillo.Rdash.Functions.1}) has 
been already used, duplicate ignored
<to be read again> 
                   \relax 
l.1206 ...row sums}{RcppArmadillo.Rdash.Functions}
                                                   [23]
(/usr/local/texlive/2013/texmf-dist/tex/latex/base/utf8.def)pdfTeX warning (ext
4): destination with the same identifier (name{Rfn.RcppArmadillo.Rdash.Function
s}) has been already used, duplicate ignored
<to be read again> 
                   \relax 
l.1253 ...n of svd}{RcppArmadillo.Rdash.Functions}
                                                  pdfTeX warning (ext4): destin
ation with the same identifier (name{Rfn.RcppArmadillo.Rdash.Functions.1}) has 
been already used, duplicate ignored
<to be read again> 
                   \relax 
l.1253 ...n of svd}{RcppArmadillo.Rdash.Functions}
                                                   [24] [25] (./Rd2.ind
[26]

LaTeX Font Warning: Font shape `T1/fi4/m/it' undefined
(Font)              using `T1/fi4/m/n' instead on input line 9.

[27]) (./Rd2.aux)

Package rerunfilecheck Warning: File `Rd2.out' has changed.
(rerunfilecheck)                Rerun to get outlines right
(rerunfilecheck)                or use package `bookmark'.


LaTeX Font Warning: Some font shapes were not available, defaults substituted.

 )
(see the transcript file for additional information)pdfTeX warning (dest): name
{Rfn.<pkg>} has been referenced but does not exist, replaced by a fixed one

{/usr/local/texlive/2013/texmf-dist/fonts/enc/dvips/base/8r.enc}{/usr/local/tex
live/2013/texmf-dist/fonts/enc/dvips/inconsolata/fi4-ec.enc}</usr/local/texlive
/2013/texmf-dist/fonts/type1/public/inconsolata/Inconsolata.pfb></usr/local/tex
live/2013/texmf-dist/fonts/type1/public/amsfonts/cm/cmmi10.pfb></usr/local/texl
ive/2013/texmf-dist/fonts/type1/public/amsfonts/cm/cmmi7.pfb></usr/local/texliv
e/2013/texmf-dist/fonts/type1/public/amsfonts/cm/cmr10.pfb></usr/local/texlive/
2013/texmf-dist/fonts/type1/public/amsfonts/cm/cmr7.pfb></usr/local/texlive/201
3/texmf-dist/fonts/type1/public/amsfonts/cm/cmsy10.pfb></usr/local/texlive/2013
/texmf-dist/fonts/type1/urw/helvetic/uhvr8a.pfb></usr/local/texlive/2013/texmf-
dist/fonts/type1/urw/times/utmb8a.pfb></usr/local/texlive/2013/texmf-dist/fonts
/type1/urw/times/utmr8a.pfb></usr/local/texlive/2013/texmf-dist/fonts/type1/urw
/times/utmr8a.pfb></usr/local/texlive/2013/texmf-dist/fonts/type1/urw/times/utm
ri8a.pfb>
Output written on Rd2.pdf (27 pages, 143662 bytes).
Transcript written on Rd2.log.
This is makeindex, version 2.15 [TeX Live 2013] (kpathsea + Thai support).
Scanning input file ./Rd2.idx....done (50 entries accepted, 0 rejected).
Sorting entries....done (282 comparisons).
Generating output file ./Rd2.ind....done (82 lines written, 0 warnings).
Output written in ./Rd2.ind.
Transcript written in ./Rd2.ilg.
This is pdfTeX, Version 3.1415926-2.5-1.40.14 (TeX Live 2013)
 restricted \write18 enabled.
entering extended mode

(/private/var/folders/3g/gmff4qcd4zj5wr8t479my9z00000gn/T/RtmpKCY1bI/Rd2pdf259d
fe1120d/Rd2.tex
LaTeX2e <2011/06/27>
Babel <3.9f> and hyphenation patterns for 78 languages loaded.

(/usr/local/texlive/2013/texmf-dist/tex/latex/base/book.cls
Document Class: book 2007/10/19 v1.4h Standard LaTeX document class
(/usr/local/texlive/2013/texmf-dist/tex/latex/base/bk10.clo))
(/Library/Frameworks/R.framework/Resources/share/texmf/tex/latex/Rd.sty
(/usr/local/texlive/2013/texmf-dist/tex/latex/base/ifthen.sty)
(/usr/local/texlive/2013/texmf-dist/tex/latex/tools/longtable.sty)
(/usr/local/texlive/2013/texmf-dist/tex/latex/tools/bm.sty)
(/usr/local/texlive/2013/texmf-dist/tex/latex/base/alltt.sty)
(/usr/local/texlive/2013/texmf-dist/tex/latex/tools/verbatim.sty)
(/usr/local/texlive/2013/texmf-dist/tex/latex/url/url.sty)
(/usr/local/texlive/2013/texmf-dist/tex/latex/base/textcomp.sty
(/usr/local/texlive/2013/texmf-dist/tex/latex/base/ts1enc.def))
(/usr/local/texlive/2013/texmf-dist/tex/latex/base/fontenc.sty
(/usr/local/texlive/2013/texmf-dist/tex/latex/base/t1enc.def))
(/usr/local/texlive/2013/texmf-dist/tex/latex/psnfss/times.sty)
(/usr/local/texlive/2013/texmf-dist/tex/latex/inconsolata/inconsolata.sty
(/usr/local/texlive/2013/texmf-dist/tex/latex/graphics/keyval.sty))
(/usr/local/texlive/2013/texmf-dist/tex/latex/graphics/color.sty
(/usr/local/texlive/2013/texmf-dist/tex/latex/latexconfig/color.cfg)
(/usr/local/texlive/2013/texmf-dist/tex/latex/pdftex-def/pdftex.def
(/usr/local/texlive/2013/texmf-dist/tex/generic/oberdiek/infwarerr.sty)
(/usr/local/texlive/2013/texmf-dist/tex/generic/oberdiek/ltxcmds.sty)))
(/usr/local/texlive/2013/texmf-dist/tex/latex/hyperref/hyperref.sty
(/usr/local/texlive/2013/texmf-dist/tex/generic/oberdiek/hobsub-hyperref.sty
(/usr/local/texlive/2013/texmf-dist/tex/generic/oberdiek/hobsub-generic.sty))
(/usr/local/texlive/2013/texmf-dist/tex/generic/ifxetex/ifxetex.sty)
(/usr/local/texlive/2013/texmf-dist/tex/latex/oberdiek/auxhook.sty)
(/usr/local/texlive/2013/texmf-dist/tex/latex/oberdiek/kvoptions.sty)
(/usr/local/texlive/2013/texmf-dist/tex/latex/hyperref/pd1enc.def)
(/usr/local/texlive/2013/texmf-dist/tex/latex/latexconfig/hyperref.cfg))

Package hyperref Message: Driver (autodetected): hpdftex.

(/usr/local/texlive/2013/texmf-dist/tex/latex/hyperref/hpdftex.def
(/usr/local/texlive/2013/texmf-dist/tex/latex/oberdiek/rerunfilecheck.sty))

Package hyperref Warning: Option `hyperindex' has already been used,
(hyperref)                setting the option has no effect on input line 361.


Package hyperref Warning: Option `pagebackref' has already been used,
(hyperref)                setting the option has no effect on input line 361.

) (/usr/local/texlive/2013/texmf-dist/tex/latex/base/makeidx.sty)
(/usr/local/texlive/2013/texmf-dist/tex/latex/base/inputenc.sty
(/usr/local/texlive/2013/texmf-dist/tex/latex/base/utf8.def
(/usr/local/texlive/2013/texmf-dist/tex/latex/base/t1enc.dfu)
(/usr/local/texlive/2013/texmf-dist/tex/latex/base/ot1enc.dfu)
(/usr/local/texlive/2013/texmf-dist/tex/latex/base/omsenc.dfu)
(/usr/local/texlive/2013/texmf-dist/tex/latex/base/ts1enc.dfu))
(/usr/local/texlive/2013/texmf-dist/tex/latex/base/latin1.def))
Writing index file Rd2.idx
(./Rd2.aux) (/usr/local/texlive/2013/texmf-dist/tex/latex/base/ts1cmr.fd)
(/usr/local/texlive/2013/texmf-dist/tex/latex/psnfss/t1ptm.fd)
(/usr/local/texlive/2013/texmf-dist/tex/context/base/supp-pdf.mkii
[Loading MPS to PDF converter (version 2006.09.02).]
) (/usr/local/texlive/2013/texmf-dist/tex/latex/hyperref/nameref.sty
(/usr/local/texlive/2013/texmf-dist/tex/generic/oberdiek/gettitlestring.sty))
(./Rd2.out) (./Rd2.out)
(/usr/local/texlive/2013/texmf-dist/tex/latex/inconsolata/t1fi4.fd)
(/usr/local/texlive/2013/texmf-dist/tex/latex/psnfss/t1phv.fd) (./Rd2.toc
[1{/usr/local/texlive/2013/texmf-var/fonts/map/pdftex/updmap/pdftex.map}])
(/usr/local/texlive/2013/texmf-dist/tex/latex/base/utf8.def)
(/usr/local/texlive/2013/texmf-dist/tex/latex/base/utf8.def) [2]
(/usr/local/texlive/2013/texmf-dist/tex/latex/base/utf8.def)pdfTeX warning (ext
4): destination with the same identifier (name{Rfn.RcppArmadillo.Rdash.Function
s}) has been already used, duplicate ignored
<to be read again> 
                   \relax 
l.121 ...lumn sums}{RcppArmadillo.Rdash.Functions}
                                                  pdfTeX warning (ext4): destin
ation with the same identifier (name{Rfn.RcppArmadillo.Rdash.Functions.1}) has 
been already used, duplicate ignored
<to be read again> 
                   \relax 
l.121 ...lumn sums}{RcppArmadillo.Rdash.Functions}
                                                   [3]
(/usr/local/texlive/2013/texmf-dist/tex/latex/base/utf8.def)pdfTeX warning (ext
4): destination with the same identifier (name{Rfn.RcppArmadillo.Rdash.Function
s}) has been already used, duplicate ignored
<to be read again> 
                   \relax 
l.167 ... function}{RcppArmadillo.Rdash.Functions}
                                                  pdfTeX warning (ext4): destin
ation with the same identifier (name{Rfn.RcppArmadillo.Rdash.Functions.1}) has 
been already used, duplicate ignored
<to be read again> 
                   \relax 
l.167 ... function}{RcppArmadillo.Rdash.Functions}
                                                   [4]
(/usr/local/texlive/2013/texmf-dist/tex/latex/base/utf8.def)pdfTeX warning (ext
4): destination with the same identifier (name{Rfn.RcppArmadillo.Rdash.Function
s}) has been already used, duplicate ignored
<to be read again> 
                   \relax 
l.221 ... function}{RcppArmadillo.Rdash.Functions}
                                                  pdfTeX warning (ext4): destin
ation with the same identifier (name{Rfn.RcppArmadillo.Rdash.Functions.1}) has 
been already used, duplicate ignored
<to be read again> 
                   \relax 
l.221 ... function}{RcppArmadillo.Rdash.Functions}
                                                   [5]
(/usr/local/texlive/2013/texmf-dist/tex/latex/base/utf8.def)pdfTeX warning (ext
4): destination with the same identifier (name{Rfn.RcppArmadillo.Rdash.Function
s}) has been already used, duplicate ignored
<to be read again> 
                   \relax 
l.275 ...rmArmaVec}{RcppArmadillo.Rdash.Functions}
                                                  pdfTeX warning (ext4): destin
ation with the same identifier (name{Rfn.RcppArmadillo.Rdash.Functions.1}) has 
been already used, duplicate ignored
<to be read again> 
                   \relax 
l.275 ...rmArmaVec}{RcppArmadillo.Rdash.Functions}
                                                   [6]
(/usr/local/texlive/2013/texmf-dist/tex/latex/base/utf8.def)pdfTeX warning (ext
4): destination with the same identifier (name{Rfn.RcppArmadillo.Rdash.Function
s}) has been already used, duplicate ignored
<to be read again> 
                   \relax 
l.332 ...on of svd}{RcppArmadillo.Rdash.Functions}
                                                  pdfTeX warning (ext4): destin
ation with the same identifier (name{Rfn.RcppArmadillo.Rdash.Functions.1}) has 
been already used, duplicate ignored
<to be read again> 
                   \relax 
l.332 ...on of svd}{RcppArmadillo.Rdash.Functions}
                                                   [7]
(/usr/local/texlive/2013/texmf-dist/tex/latex/base/utf8.def)pdfTeX warning (ext
4): destination with the same identifier (name{Rfn.RcppArmadillo.Rdash.Function
s}) has been already used, duplicate ignored
<to be read again> 
                   \relax 
l.407 ...tribution}{RcppArmadillo.Rdash.Functions}
                                                  pdfTeX warning (ext4): destin
ation with the same identifier (name{Rfn.RcppArmadillo.Rdash.Functions.1}) has 
been already used, duplicate ignored
<to be read again> 
                   \relax 
l.407 ...tribution}{RcppArmadillo.Rdash.Functions}
                                                   [8]
(/usr/local/texlive/2013/texmf-dist/tex/latex/base/utf8.def)pdfTeX warning (ext
4): destination with the same identifier (name{Rfn.RcppArmadillo.Rdash.Function
s}) has been already used, duplicate ignored
<to be read again> 
                   \relax 
l.464 ...tribution}{RcppArmadillo.Rdash.Functions}
                                                  pdfTeX warning (ext4): destin
ation with the same identifier (name{Rfn.RcppArmadillo.Rdash.Functions.1}) has 
been already used, duplicate ignored
<to be read again> 
                   \relax 
l.464 ...tribution}{RcppArmadillo.Rdash.Functions}
                                                   [9]
(/usr/local/texlive/2013/texmf-dist/tex/latex/base/utf8.def)pdfTeX warning (ext
4): destination with the same identifier (name{Rfn.RcppArmadillo.Rdash.Function
s}) has been already used, duplicate ignored
<to be read again> 
                   \relax 
l.521 ...ArmaVec??}{RcppArmadillo.Rdash.Functions}
                                                  pdfTeX warning (ext4): destin
ation with the same identifier (name{Rfn.RcppArmadillo.Rdash.Functions.1}) has 
been already used, duplicate ignored
<to be read again> 
                   \relax 
l.521 ...ArmaVec??}{RcppArmadillo.Rdash.Functions}
                                                   [10]
(/usr/local/texlive/2013/texmf-dist/tex/latex/base/utf8.def) [11]pdfTeX warning
 (ext4): destination with the same identifier (name{Rfn.RcppArmadillo.Rdash.Fun
ctions}) has been already used, duplicate ignored
<to be read again> 
                   \relax 
l.578 ...ormal CDF}{RcppArmadillo.Rdash.Functions}
                                                  pdfTeX warning (ext4): destin
ation with the same identifier (name{Rfn.RcppArmadillo.Rdash.Functions.1}) has 
been already used, duplicate ignored
<to be read again> 
                   \relax 
l.578 ...ormal CDF}{RcppArmadillo.Rdash.Functions}
                                                  
(/usr/local/texlive/2013/texmf-dist/tex/latex/base/utf8.def)pdfTeX warning (ext
4): destination with the same identifier (name{Rfn.RcppArmadillo.Rdash.Function
s}) has been already used, duplicate ignored
<to be read again> 
                   \relax 
l.625 ...ce matrix}{RcppArmadillo.Rdash.Functions}
                                                  pdfTeX warning (ext4): destin
ation with the same identifier (name{Rfn.RcppArmadillo.Rdash.Functions.1}) has 
been already used, duplicate ignored
<to be read again> 
                   \relax 
l.625 ...ce matrix}{RcppArmadillo.Rdash.Functions}
                                                   [12]
(/usr/local/texlive/2013/texmf-dist/tex/latex/base/utf8.def)pdfTeX warning (ext
4): destination with the same identifier (name{Rfn.RcppArmadillo.Rdash.Function
s}) has been already used, duplicate ignored
<to be read again> 
                   \relax 
l.670 ...ordinates}{RcppArmadillo.Rdash.Functions}
                                                  pdfTeX warning (ext4): destin
ation with the same identifier (name{Rfn.RcppArmadillo.Rdash.Functions.1}) has 
been already used, duplicate ignored
<to be read again> 
                   \relax 
l.670 ...ordinates}{RcppArmadillo.Rdash.Functions}
                                                   [13]
(/usr/local/texlive/2013/texmf-dist/tex/latex/base/utf8.def)pdfTeX warning (ext
4): destination with the same identifier (name{Rfn.RcppArmadillo.Rdash.Function
s}) has been already used, duplicate ignored
<to be read again> 
                   \relax 
l.720 ... princomp}{RcppArmadillo.Rdash.Functions}
                                                  pdfTeX warning (ext4): destin
ation with the same identifier (name{Rfn.RcppArmadillo.Rdash.Functions.1}) has 
been already used, duplicate ignored
<to be read again> 
                   \relax 
l.720 ... princomp}{RcppArmadillo.Rdash.Functions}
                                                   [14]
(/usr/local/texlive/2013/texmf-dist/tex/latex/base/utf8.def)pdfTeX warning (ext
4): destination with the same identifier (name{Rfn.RcppArmadillo.Rdash.Function
s}) has been already used, duplicate ignored
<to be read again> 
                   \relax 
l.779 ...f mvrnorm}{RcppArmadillo.Rdash.Functions}
                                                  pdfTeX warning (ext4): destin
ation with the same identifier (name{Rfn.RcppArmadillo.Rdash.Functions.1}) has 
been already used, duplicate ignored
<to be read again> 
                   \relax 
l.779 ...f mvrnorm}{RcppArmadillo.Rdash.Functions}
                                                   [15] [16]
(/usr/local/texlive/2013/texmf-dist/tex/latex/base/utf8.def)pdfTeX warning (ext
4): destination with the same identifier (name{Rfn.RcppArmadillo.Rdash.Function
s}) has been already used, duplicate ignored
<to be read again> 
                   \relax 
l.838 ...f mvrnorm}{RcppArmadillo.Rdash.Functions}
                                                  pdfTeX warning (ext4): destin
ation with the same identifier (name{Rfn.RcppArmadillo.Rdash.Functions.1}) has 
been already used, duplicate ignored
<to be read again> 
                   \relax 
l.838 ...f mvrnorm}{RcppArmadillo.Rdash.Functions}
                                                   [17]
(/usr/local/texlive/2013/texmf-dist/tex/latex/base/utf8.def)pdfTeX warning (ext
4): destination with the same identifier (name{Rfn.RcppArmadillo.Rdash.Function
s}) has been already used, duplicate ignored
<to be read again> 
                   \relax 
l.897 ... of order}{RcppArmadillo.Rdash.Functions}
                                                  pdfTeX warning (ext4): destin
ation with the same identifier (name{Rfn.RcppArmadillo.Rdash.Functions.1}) has 
been already used, duplicate ignored
<to be read again> 
                   \relax 
l.897 ... of order}{RcppArmadillo.Rdash.Functions}
                                                  
(/usr/local/texlive/2013/texmf-dist/tex/latex/base/utf8.def)pdfTeX warning (ext
4): destination with the same identifier (name{Rfn.RcppArmadillo.Rdash.Function
s}) has been already used, duplicate ignored
<to be read again> 
                   \relax 
l.944 ... of order}{RcppArmadillo.Rdash.Functions}
                                                  pdfTeX warning (ext4): destin
ation with the same identifier (name{Rfn.RcppArmadillo.Rdash.Functions.1}) has 
been already used, duplicate ignored
<to be read again> 
                   \relax 
l.944 ... of order}{RcppArmadillo.Rdash.Functions}
                                                   [18] [19]
(/usr/local/texlive/2013/texmf-dist/tex/latex/base/utf8.def)pdfTeX warning (ext
4): destination with the same identifier (name{Rfn.RcppArmadillo.Rdash.Function
s}) has been already used, duplicate ignored
<to be read again> 
                   \relax 
l.1003 ...of order}{RcppArmadillo.Rdash.Functions}
                                                  pdfTeX warning (ext4): destin
ation with the same identifier (name{Rfn.RcppArmadillo.Rdash.Functions.1}) has 
been already used, duplicate ignored
<to be read again> 
                   \relax 
l.1003 ...of order}{RcppArmadillo.Rdash.Functions}
                                                   [20]
(/usr/local/texlive/2013/texmf-dist/tex/latex/base/utf8.def)pdfTeX warning (ext
4): destination with the same identifier (name{Rfn.RcppArmadillo.Rdash.Function
s}) has been already used, duplicate ignored
<to be read again> 
                   \relax 
l.1062 ...a matrix}{RcppArmadillo.Rdash.Functions}
                                                  pdfTeX warning (ext4): destin
ation with the same identifier (name{Rfn.RcppArmadillo.Rdash.Functions.1}) has 
been already used, duplicate ignored
<to be read again> 
                   \relax 
l.1062 ...a matrix}{RcppArmadillo.Rdash.Functions}
                                                   [21]
(/usr/local/texlive/2013/texmf-dist/tex/latex/base/utf8.def)pdfTeX warning (ext
4): destination with the same identifier (name{Rfn.RcppArmadillo.Rdash.Function
s}) has been already used, duplicate ignored
<to be read again> 
                   \relax 
l.1114 ...ow means}{RcppArmadillo.Rdash.Functions}
                                                  pdfTeX warning (ext4): destin
ation with the same identifier (name{Rfn.RcppArmadillo.Rdash.Functions.1}) has 
been already used, duplicate ignored
<to be read again> 
                   \relax 
l.1114 ...ow means}{RcppArmadillo.Rdash.Functions}
                                                  
(/usr/local/texlive/2013/texmf-dist/tex/latex/base/utf8.def)pdfTeX warning (ext
4): destination with the same identifier (name{Rfn.RcppArmadillo.Rdash.Function
s}) has been already used, duplicate ignored
<to be read again> 
                   \relax 
l.1160 ...viations}{RcppArmadillo.Rdash.Functions}
                                                  pdfTeX warning (ext4): destin
ation with the same identifier (name{Rfn.RcppArmadillo.Rdash.Functions.1}) has 
been already used, duplicate ignored
<to be read again> 
                   \relax 
l.1160 ...viations}{RcppArmadillo.Rdash.Functions}
                                                   [22]
(/usr/local/texlive/2013/texmf-dist/tex/latex/base/utf8.def)pdfTeX warning (ext
4): destination with the same identifier (name{Rfn.RcppArmadillo.Rdash.Function
s}) has been already used, duplicate ignored
<to be read again> 
                   \relax 
l.1206 ...row sums}{RcppArmadillo.Rdash.Functions}
                                                  pdfTeX warning (ext4): destin
ation with the same identifier (name{Rfn.RcppArmadillo.Rdash.Functions.1}) has 
been already used, duplicate ignored
<to be read again> 
                   \relax 
l.1206 ...row sums}{RcppArmadillo.Rdash.Functions}
                                                   [23]
(/usr/local/texlive/2013/texmf-dist/tex/latex/base/utf8.def)pdfTeX warning (ext
4): destination with the same identifier (name{Rfn.RcppArmadillo.Rdash.Function
s}) has been already used, duplicate ignored
<to be read again> 
                   \relax 
l.1253 ...n of svd}{RcppArmadillo.Rdash.Functions}
                                                  pdfTeX warning (ext4): destin
ation with the same identifier (name{Rfn.RcppArmadillo.Rdash.Functions.1}) has 
been already used, duplicate ignored
<to be read again> 
                   \relax 
l.1253 ...n of svd}{RcppArmadillo.Rdash.Functions}
                                                   [24] [25] (./Rd2.ind
[26]

LaTeX Font Warning: Font shape `T1/fi4/m/it' undefined
(Font)              using `T1/fi4/m/n' instead on input line 9.

[27]) (./Rd2.aux)

LaTeX Font Warning: Some font shapes were not available, defaults substituted.

 )
(see the transcript file for additional information)pdfTeX warning (dest): name
{Rfn.<pkg>} has been referenced but does not exist, replaced by a fixed one

{/usr/local/texlive/2013/texmf-dist/fonts/enc/dvips/base/8r.enc}{/usr/local/tex
live/2013/texmf-dist/fonts/enc/dvips/inconsolata/fi4-ec.enc}</usr/local/texlive
/2013/texmf-dist/fonts/type1/public/inconsolata/Inconsolata.pfb></usr/local/tex
live/2013/texmf-dist/fonts/type1/public/amsfonts/cm/cmmi10.pfb></usr/local/texl
ive/2013/texmf-dist/fonts/type1/public/amsfonts/cm/cmmi7.pfb></usr/local/texliv
e/2013/texmf-dist/fonts/type1/public/amsfonts/cm/cmr10.pfb></usr/local/texlive/
2013/texmf-dist/fonts/type1/public/amsfonts/cm/cmr7.pfb></usr/local/texlive/201
3/texmf-dist/fonts/type1/public/amsfonts/cm/cmsy10.pfb></usr/local/texlive/2013
/texmf-dist/fonts/type1/urw/helvetic/uhvr8a.pfb></usr/local/texlive/2013/texmf-
dist/fonts/type1/urw/times/utmb8a.pfb></usr/local/texlive/2013/texmf-dist/fonts
/type1/urw/times/utmr8a.pfb></usr/local/texlive/2013/texmf-dist/fonts/type1/urw
/times/utmr8a.pfb></usr/local/texlive/2013/texmf-dist/fonts/type1/urw/times/utm
ri8a.pfb>
Output written on Rd2.pdf (27 pages, 143987 bytes).
Transcript written on Rd2.log.
Saving output to 'myFunctions-manual.pdf' ...
Done
You may want to clean up by 'rm -rf /var/folders/3g/gmff4qcd4zj5wr8t479my9z00000gn/T//RtmpKCY1bI/Rd2pdf259dfe1120d'
